<?xml version="1.0" encoding="UTF-8"?><testsuite errors="1" failures="0" name="Wordpress application automation" skipped="0" tests="1" time="3.0" timestamp="2020-01-08 05:28:06"><testcase name="Wordpress application authentication"><error message="Could not instantiate new WebDriver instance of type class io.appium.java_client.AppiumDriver (Unable to create a new remote session. Please check the server log for more details. Original error: An unknown server-side error occurred while processing the command. Original error: The application at 'D:/Proyectos_Intellij_Android/co.com.choucair.automation.android/src/test/resources/app/wordpress.apk' does not exist or is not accessible&#10;Build info: version: '3.141.59', revision: 'e82be7d358', time: '2018-11-14T08:17:03'&#10;System info: host: 'CHMEPPF0I6LTM', ip: '172.17.27.139', os.name: 'Windows 10', os.arch: 'amd64', os.version: '10.0', java.version: '1.8.0_231'&#10;Driver info: driver.version: RemoteDriver&#10;remote stacktrace: UnknownError: An unknown server-side error occurred while processing the command. Original error: The application at 'D:/Proyectos_Intellij_Android/co.com.choucair.automation.android/src/test/resources/app/wordpress.apk' does not exist or is not accessible&#10;    at getResponseForW3CError (C:\Program Files\Appium\resources\app\node_modules\appium\node_modules\appium-base-driver\lib\protocol\errors.js:804:9)&#10;    at asyncHandler (C:\Program Files\Appium\resources\app\node_modules\appium\node_modules\appium-base-driver\lib\protocol\protocol.js:388:37)&#10;    at process._tickCallback (internal/process/next_tick.js:68:7)&#10;Build info: version: '3.141.59', revision: 'e82be7d358', time: '2018-11-14T08:17:03'&#10;System info: host: 'CHMEPPF0I6LTM', ip: '172.17.27.139', os.name: 'Windows 10', os.arch: 'amd64', os.version: '10.0', java.version: '1.8.0_231'&#10;Driver info: driver.version: RemoteDriver). See below for more details." type="net.thucydides.core.webdriver.DriverConfigurationError">Could not instantiate new WebDriver instance of type class io.appium.java_client.AppiumDriver (Unable to create a new remote session. Please check the server log for more details. Original error: An unknown server-side error occurred while processing the command. Original error: The application at 'D:/Proyectos_Intellij_Android/co.com.choucair.automation.android/src/test/resources/app/wordpress.apk' does not exist or is not accessible
Build info: version: '3.141.59', revision: 'e82be7d358', time: '2018-11-14T08:17:03'
System info: host: 'CHMEPPF0I6LTM', ip: '172.17.27.139', os.name: 'Windows 10', os.arch: 'amd64', os.version: '10.0', java.version: '1.8.0_231'
Driver info: driver.version: RemoteDriver
remote stacktrace: UnknownError: An unknown server-side error occurred while processing the command. Original error: The application at 'D:/Proyectos_Intellij_Android/co.com.choucair.automation.android/src/test/resources/app/wordpress.apk' does not exist or is not accessible
    at getResponseForW3CError (C:\Program Files\Appium\resources\app\node_modules\appium\node_modules\appium-base-driver\lib\protocol\errors.js:804:9)
    at asyncHandler (C:\Program Files\Appium\resources\app\node_modules\appium\node_modules\appium-base-driver\lib\protocol\protocol.js:388:37)
    at process._tickCallback (internal/process/next_tick.js:68:7)
Build info: version: '3.141.59', revision: 'e82be7d358', time: '2018-11-14T08:17:03'
System info: host: 'CHMEPPF0I6LTM', ip: '172.17.27.139', os.name: 'Windows 10', os.arch: 'amd64', os.version: '10.0', java.version: '1.8.0_231'
Driver info: driver.version: RemoteDriver). See below for more details.</error><system-err>Could not instantiate new WebDriver instance of type class io.appium.java_client.AppiumDriver (Unable to create a new remote session. Please check the server log for more details. Original error: An unknown server-side error occurred while processing the command. Original error: The application at 'D:/Proyectos_Intellij_Android/co.com.choucair.automation.android/src/test/resources/app/wordpress.apk' does not exist or is not accessible
Build info: version: '3.141.59', revision: 'e82be7d358', time: '2018-11-14T08:17:03'
System info: host: 'CHMEPPF0I6LTM', ip: '172.17.27.139', os.name: 'Windows 10', os.arch: 'amd64', os.version: '10.0', java.version: '1.8.0_231'
Driver info: driver.version: RemoteDriver
remote stacktrace: UnknownError: An unknown server-side error occurred while processing the command. Original error: The application at 'D:/Proyectos_Intellij_Android/co.com.choucair.automation.android/src/test/resources/app/wordpress.apk' does not exist or is not accessible
    at getResponseForW3CError (C:\Program Files\Appium\resources\app\node_modules\appium\node_modules\appium-base-driver\lib\protocol\errors.js:804:9)
    at asyncHandler (C:\Program Files\Appium\resources\app\node_modules\appium\node_modules\appium-base-driver\lib\protocol\protocol.js:388:37)
    at process._tickCallback (internal/process/next_tick.js:68:7)
Build info: version: '3.141.59', revision: 'e82be7d358', time: '2018-11-14T08:17:03'
System info: host: 'CHMEPPF0I6LTM', ip: '172.17.27.139', os.name: 'Windows 10', os.arch: 'amd64', os.version: '10.0', java.version: '1.8.0_231'
Driver info: driver.version: RemoteDriver). See below for more details.&#13;
co.com.choucair.automation.android.stepdefinitions.AuthenticationStepDefinitions.thatBrandonWantsToEnterTheWordpressApplication(AuthenticationStepDefinitions.java:12)&#13;
cucumber.runner.Runner.runPickle(Runner.java:80)&#13;
</system-err></testcase></testsuite>